<?xml version="1.0" encoding="UTF-8"?>
<!-- Generated by org.testng.reporters.JUnitXMLReporter -->
<testsuite hostname="DINHYD1079" ignored="0" name="Default test" tests="3" failures="0" timestamp="14 Nov 2017 13:37:47 GMT" time="0.031" errors="0">
  <testcase name="test2" time="0.0" classname="com.testngSample.SampleDependsTests"/>
  <testcase name="test1" time="0.0" classname="com.testngSample.SampleDependsTests"/>
  <testcase name="test3" time="0.0" classname="com.testngSample.SampleDependsTests"/>
</testsuite> <!-- Default test -->
